<?xml version="1.0" encoding="UTF-8"?>
<testsuite name="com.murrk.blackjack.SuitTest" tests="1" skipped="0" failures="0" errors="0" timestamp="2023-04-09T11:48:33" hostname="DESKTOP-IFCI8AI" time="0.013">
  <properties/>
  <testcase name="heartPrintsHeart()" classname="com.murrk.blackjack.SuitTest" time="0.013"/>
  <system-out><![CDATA[]]></system-out>
  <system-err><![CDATA[]]></system-err>
</testsuite>
